<?xml version="1.0" encoding="UTF-8"?>
<!-- Generated by org.testng.reporters.JUnitReportReporter -->
<testsuite hostname="DESKTOP-1QRBN7B" name="com.tests.TestCase1" tests="1" failures="0" timestamp="8 Sep 2019 16:00:30 GMT" time="73.062" errors="0">
  <testcase name="StartTest" time="73.062" classname="com.tests.TestCase1"/>
</testsuite> <!-- com.tests.TestCase1 -->
