<?xml version="1.0" encoding="UTF-8"?>
<!-- Generated by org.testng.reporters.JUnitReportReporter -->
<testsuite hostname="DESKTOP-1QRBN7B" name="com.pages.loginPage" tests="1" failures="0" timestamp="7 Sep 2019 17:18:36 GMT" time="24.466" errors="0">
  <testcase name="openURL" time="24.466" classname="com.pages.loginPage"/>
</testsuite> <!-- com.pages.loginPage -->
